<?xml version="1.0" encoding="UTF-8"?>
<!-- Generated by org.testng.reporters.JUnitReportReporter -->
<testsuite hostname="DESKTOP-E2LP31Q" failures="0" tests="2" name="com.proj.runner.TestRunner" time="42.914" errors="0" timestamp="2023-08-18T16:30:39 CDT" skipped="0">
  <testcase classname="com.proj.runner.TestRunner" name="runScenario" time="20.121"/>
  <testcase classname="com.proj.runner.TestRunner" name="runScenario" time="22.793"/>
</testsuite> <!-- com.proj.runner.TestRunner -->
